<?xml version="1.0" encoding="UTF-8"?>
<!-- Generated by org.testng.reporters.JUnitXMLReporter -->
<testsuite ignored="0" hostname="DESKTOP-V2ONJQQ" failures="3" tests="17" name="RetryMulitpleFailedTestCases" time="0.105" errors="0" timestamp="2023-03-05T20:07:55 IST">
  <testcase classname="mytests.MyTests" name="Test1" time="0.016">
    <skipped/>
  </testcase> <!-- Test1 -->
  <testcase classname="mytests.MyTests" name="Test1" time="0.001">
    <skipped/>
  </testcase> <!-- Test1 -->
  <testcase classname="mytests.MyTests" name="Test1" time="0.002">
    <skipped/>
  </testcase> <!-- Test1 -->
  <testcase classname="mytests.MyTests" name="Test1" time="0.0">
    <skipped/>
  </testcase> <!-- Test1 -->
  <testcase classname="mytests.MyTests" name="Test1" time="0.001">
    <failure type="java.lang.AssertionError" message="expected [true] but found [false]">
      <![CDATA[java.lang.AssertionError: expected [true] but found [false]
at mytests.MyTests.Test1(MyTests.java:13)
at java.base/java.util.ArrayList.forEach(ArrayList.java:1511)
... Removed 32 stack frames]]>
    </failure>
  </testcase> <!-- Test1 -->
  <testcase classname="mytests.MyTests" name="Test2" time="0.001">
    <skipped/>
  </testcase> <!-- Test2 -->
  <testcase classname="mytests.MyTests" name="Test2" time="0.001">
    <skipped/>
  </testcase> <!-- Test2 -->
  <testcase classname="mytests.MyTests" name="Test2" time="0.0">
    <skipped/>
  </testcase> <!-- Test2 -->
  <testcase classname="mytests.MyTests" name="Test2" time="0.001">
    <skipped/>
  </testcase> <!-- Test2 -->
  <testcase classname="mytests.MyTests" name="Test2" time="0.001">
    <failure type="java.lang.AssertionError" message="expected [true] but found [false]">
      <![CDATA[java.lang.AssertionError: expected [true] but found [false]
at mytests.MyTests.Test2(MyTests.java:20)
at java.base/java.util.ArrayList.forEach(ArrayList.java:1511)
... Removed 32 stack frames]]>
    </failure>
  </testcase> <!-- Test2 -->
  <testcase classname="mytests.MyTests" name="Test3" time="0.001"/>
  <testcase classname="mytests.MyTests" name="Test4" time="0.001">
    <skipped/>
  </testcase> <!-- Test4 -->
  <testcase classname="mytests.MyTests" name="Test4" time="0.002">
    <skipped/>
  </testcase> <!-- Test4 -->
  <testcase classname="mytests.MyTests" name="Test4" time="0.0">
    <skipped/>
  </testcase> <!-- Test4 -->
  <testcase classname="mytests.MyTests" name="Test4" time="0.002">
    <skipped/>
  </testcase> <!-- Test4 -->
  <testcase classname="mytests.MyTests" name="Test4" time="0.001">
    <failure type="java.lang.AssertionError" message="expected [false] but found [true]">
      <![CDATA[java.lang.AssertionError: expected [false] but found [true]
at mytests.MyTests.Test4(MyTests.java:34)
at java.base/java.util.ArrayList.forEach(ArrayList.java:1511)
... Removed 32 stack frames]]>
    </failure>
  </testcase> <!-- Test4 -->
  <testcase classname="mytests.MyTests" name="Test5" time="0.001"/>
</testsuite> <!-- RetryMulitpleFailedTestCases -->
